 * Serving Flask app 'getmethod'
 * Debug mode: on
Address already in use
Port 5000 is in use by another program. Either identify and stop that program, or start the server with a different port.
 * Serving Flask app 'getmethod'
 * Debug mode: on
Address already in use
Port 5000 is in use by another program. Either identify and stop that program, or start the server with a different port.
 * Serving Flask app 'getmethod'
 * Debug mode: on
Address already in use
Port 5000 is in use by another program. Either identify and stop that program, or start the server with a different port.
 * Serving Flask app 'getmethod'
 * Debug mode: on
WARNING: This is a development server. Do not use it in a production deployment. Use a production WSGI server instead.
 * Running on http://127.0.0.1:5000
Press CTRL+C to quit
 * Restarting with stat
 * Debugger is active!
 * Debugger PIN: 590-422-969
127.0.0.1 - - [07/Aug/2024 10:25:21] "GET /api/data?param1=value1&param2=value2 HTTP/1.1" 200 -
 * Detected change in '/home/ubuntu/Documents/Fetch_secrets_val/Fetch_val/app.py', reloading
 * Restarting with stat
 * Debugger is active!
 * Debugger PIN: 590-422-969
127.0.0.1 - - [07/Aug/2024 10:26:05] "GET /api/data?param1=value1&param2=value2 HTTP/1.1" 200 -
 * Detected change in '/home/ubuntu/Documents/Fetch_secrets_val/Fetch_val/getmethod.py', reloading
 * Restarting with stat
 * Debugger is active!
 * Debugger PIN: 590-422-969
 * Serving Flask app 'getmethod'
 * Debug mode: on
Address already in use
Port 5000 is in use by another program. Either identify and stop that program, or start the server with a different port.
127.0.0.1 - - [07/Aug/2024 10:28:45] "GET /api/data?param1=value1&param2=value2 HTTP/1.1" 200 -
